{"C:\\Users\\porte\\Desktop\\Epicodus\\EC-W5-independent-project\\src\\js\\supergalactic.js": {"path":"C:\\Users\\porte\\Desktop\\Epicodus\\EC-W5-independent-project\\src\\js\\supergalactic.js","statementMap":{"0":{"start":{"line":3,"column":4},"end":{"line":3,"column":19}},"1":{"start":{"line":7,"column":17},"end":{"line":7,"column":32}},"2":{"start":{"line":8,"column":4},"end":{"line":8,"column":42}},"3":{"start":{"line":9,"column":4},"end":{"line":9,"column":20}},"4":{"start":{"line":13,"column":17},"end":{"line":13,"column":32}},"5":{"start":{"line":14,"column":4},"end":{"line":14,"column":42}},"6":{"start":{"line":15,"column":4},"end":{"line":15,"column":20}},"7":{"start":{"line":19,"column":17},"end":{"line":19,"column":32}},"8":{"start":{"line":20,"column":4},"end":{"line":20,"column":42}},"9":{"start":{"line":21,"column":4},"end":{"line":21,"column":20}},"10":{"start":{"line":25,"column":17},"end":{"line":25,"column":33}},"11":{"start":{"line":26,"column":4},"end":{"line":26,"column":42}},"12":{"start":{"line":27,"column":4},"end":{"line":27,"column":20}},"13":{"start":{"line":33,"column":4},"end":{"line":50,"column":5}},"14":{"start":{"line":35,"column":6},"end":{"line":35,"column":58}},"15":{"start":{"line":36,"column":6},"end":{"line":36,"column":76}},"16":{"start":{"line":37,"column":6},"end":{"line":37,"column":12}},"17":{"start":{"line":39,"column":6},"end":{"line":39,"column":56}},"18":{"start":{"line":40,"column":6},"end":{"line":40,"column":74}},"19":{"start":{"line":41,"column":6},"end":{"line":41,"column":12}},"20":{"start":{"line":43,"column":6},"end":{"line":43,"column":55}},"21":{"start":{"line":44,"column":6},"end":{"line":44,"column":73}},"22":{"start":{"line":45,"column":6},"end":{"line":45,"column":12}},"23":{"start":{"line":47,"column":6},"end":{"line":47,"column":58}},"24":{"start":{"line":48,"column":6},"end":{"line":48,"column":76}},"25":{"start":{"line":49,"column":6},"end":{"line":49,"column":12}},"26":{"start":{"line":51,"column":20},"end":{"line":51,"column":66}},"27":{"start":{"line":52,"column":4},"end":{"line":57,"column":5}},"28":{"start":{"line":53,"column":21},"end":{"line":53,"column":37}},"29":{"start":{"line":54,"column":6},"end":{"line":54,"column":45}},"30":{"start":{"line":56,"column":6},"end":{"line":56,"column":46}}},"fnMap":{"0":{"name":"(anonymous_0)","decl":{"start":{"line":2,"column":2},"end":{"line":2,"column":3}},"loc":{"start":{"line":2,"column":19},"end":{"line":4,"column":3}},"line":2},"1":{"name":"(anonymous_1)","decl":{"start":{"line":6,"column":2},"end":{"line":6,"column":3}},"loc":{"start":{"line":6,"column":12},"end":{"line":10,"column":3}},"line":6},"2":{"name":"(anonymous_2)","decl":{"start":{"line":12,"column":2},"end":{"line":12,"column":3}},"loc":{"start":{"line":12,"column":10},"end":{"line":16,"column":3}},"line":12},"3":{"name":"(anonymous_3)","decl":{"start":{"line":18,"column":2},"end":{"line":18,"column":3}},"loc":{"start":{"line":18,"column":9},"end":{"line":22,"column":3}},"line":18},"4":{"name":"(anonymous_4)","decl":{"start":{"line":24,"column":2},"end":{"line":24,"column":3}},"loc":{"start":{"line":24,"column":12},"end":{"line":28,"column":3}},"line":24},"5":{"name":"(anonymous_5)","decl":{"start":{"line":30,"column":2},"end":{"line":30,"column":3}},"loc":{"start":{"line":30,"column":42},"end":{"line":58,"column":3}},"line":30}},"branchMap":{"0":{"loc":{"start":{"line":33,"column":4},"end":{"line":50,"column":5}},"type":"switch","locations":[{"start":{"line":34,"column":4},"end":{"line":37,"column":12}},{"start":{"line":38,"column":4},"end":{"line":41,"column":12}},{"start":{"line":42,"column":4},"end":{"line":45,"column":12}},{"start":{"line":46,"column":4},"end":{"line":49,"column":12}}],"line":33},"1":{"loc":{"start":{"line":52,"column":4},"end":{"line":57,"column":5}},"type":"if","locations":[{"start":{"line":52,"column":4},"end":{"line":57,"column":5}},{"start":{"line":52,"column":4},"end":{"line":57,"column":5}}],"line":52}},"s":{"0":20,"1":5,"2":5,"3":5,"4":3,"5":3,"6":3,"7":3,"8":3,"9":3,"10":3,"11":3,"12":3,"13":5,"14":2,"15":2,"16":2,"17":1,"18":1,"19":1,"20":1,"21":1,"22":1,"23":1,"24":1,"25":1,"26":5,"27":5,"28":1,"29":1,"30":4},"f":{"0":20,"1":5,"2":3,"3":3,"4":3,"5":5},"b":{"0":[2,1,1,1],"1":[1,4]},"_coverageSchema":"43e27e138ebf9cfc5966b082cf9a028302ed4184","hash":"8f4021b97bcb5102d5ad1fc331644406df060527"}
}
