{"C:\\Users\\porte\\Desktop\\Epicodus\\EC-W5-independent-project\\src\\js\\supergalactic.js": {"path":"C:\\Users\\porte\\Desktop\\Epicodus\\EC-W5-independent-project\\src\\js\\supergalactic.js","statementMap":{"0":{"start":{"line":3,"column":4},"end":{"line":3,"column":19}},"1":{"start":{"line":7,"column":4},"end":{"line":7,"column":45}},"2":{"start":{"line":8,"column":4},"end":{"line":8,"column":20}},"3":{"start":{"line":12,"column":4},"end":{"line":12,"column":45}},"4":{"start":{"line":13,"column":4},"end":{"line":13,"column":20}},"5":{"start":{"line":17,"column":4},"end":{"line":17,"column":45}},"6":{"start":{"line":18,"column":4},"end":{"line":18,"column":20}},"7":{"start":{"line":22,"column":4},"end":{"line":22,"column":45}},"8":{"start":{"line":23,"column":4},"end":{"line":23,"column":20}},"9":{"start":{"line":29,"column":4},"end":{"line":46,"column":5}},"10":{"start":{"line":31,"column":8},"end":{"line":31,"column":60}},"11":{"start":{"line":32,"column":8},"end":{"line":32,"column":78}},"12":{"start":{"line":33,"column":8},"end":{"line":33,"column":14}},"13":{"start":{"line":35,"column":8},"end":{"line":35,"column":58}},"14":{"start":{"line":36,"column":8},"end":{"line":36,"column":76}},"15":{"start":{"line":37,"column":8},"end":{"line":37,"column":14}},"16":{"start":{"line":39,"column":8},"end":{"line":39,"column":57}},"17":{"start":{"line":40,"column":8},"end":{"line":40,"column":75}},"18":{"start":{"line":41,"column":8},"end":{"line":41,"column":14}},"19":{"start":{"line":43,"column":8},"end":{"line":43,"column":60}},"20":{"start":{"line":44,"column":8},"end":{"line":44,"column":78}},"21":{"start":{"line":45,"column":8},"end":{"line":45,"column":14}},"22":{"start":{"line":47,"column":20},"end":{"line":47,"column":66}},"23":{"start":{"line":48,"column":4},"end":{"line":52,"column":5}},"24":{"start":{"line":49,"column":6},"end":{"line":49,"column":124}},"25":{"start":{"line":51,"column":6},"end":{"line":51,"column":35}}},"fnMap":{"0":{"name":"(anonymous_0)","decl":{"start":{"line":2,"column":2},"end":{"line":2,"column":3}},"loc":{"start":{"line":2,"column":19},"end":{"line":4,"column":3}},"line":2},"1":{"name":"(anonymous_1)","decl":{"start":{"line":6,"column":2},"end":{"line":6,"column":3}},"loc":{"start":{"line":6,"column":12},"end":{"line":9,"column":3}},"line":6},"2":{"name":"(anonymous_2)","decl":{"start":{"line":11,"column":2},"end":{"line":11,"column":3}},"loc":{"start":{"line":11,"column":10},"end":{"line":14,"column":3}},"line":11},"3":{"name":"(anonymous_3)","decl":{"start":{"line":16,"column":2},"end":{"line":16,"column":3}},"loc":{"start":{"line":16,"column":9},"end":{"line":19,"column":3}},"line":16},"4":{"name":"(anonymous_4)","decl":{"start":{"line":21,"column":2},"end":{"line":21,"column":3}},"loc":{"start":{"line":21,"column":12},"end":{"line":24,"column":3}},"line":21},"5":{"name":"(anonymous_5)","decl":{"start":{"line":26,"column":2},"end":{"line":26,"column":3}},"loc":{"start":{"line":26,"column":42},"end":{"line":53,"column":3}},"line":26}},"branchMap":{"0":{"loc":{"start":{"line":29,"column":4},"end":{"line":46,"column":5}},"type":"switch","locations":[{"start":{"line":30,"column":6},"end":{"line":33,"column":14}},{"start":{"line":34,"column":6},"end":{"line":37,"column":14}},{"start":{"line":38,"column":6},"end":{"line":41,"column":14}},{"start":{"line":42,"column":6},"end":{"line":45,"column":14}}],"line":29},"1":{"loc":{"start":{"line":48,"column":4},"end":{"line":52,"column":5}},"type":"if","locations":[{"start":{"line":48,"column":4},"end":{"line":52,"column":5}},{"start":{"line":48,"column":4},"end":{"line":52,"column":5}}],"line":48}},"s":{"0":20,"1":5,"2":5,"3":3,"4":3,"5":3,"6":3,"7":3,"8":3,"9":5,"10":2,"11":2,"12":2,"13":1,"14":1,"15":1,"16":1,"17":1,"18":1,"19":1,"20":1,"21":1,"22":5,"23":5,"24":1,"25":4},"f":{"0":20,"1":5,"2":3,"3":3,"4":3,"5":5},"b":{"0":[2,1,1,1],"1":[1,4]},"_coverageSchema":"43e27e138ebf9cfc5966b082cf9a028302ed4184","hash":"b8c9ff309784789277795b38e73f783026f901d4"}
}
