TN:
SF:C:\Users\porte\Desktop\Epicodus\EC-W5-independent-project\src\js\supergalactic.js
FN:2,(anonymous_0)
FN:6,(anonymous_1)
FN:11,(anonymous_2)
FN:16,(anonymous_3)
FN:21,(anonymous_4)
FN:26,(anonymous_5)
FNF:6
FNH:6
FNDA:20,(anonymous_0)
FNDA:5,(anonymous_1)
FNDA:3,(anonymous_2)
FNDA:3,(anonymous_3)
FNDA:3,(anonymous_4)
FNDA:5,(anonymous_5)
DA:3,20
DA:7,5
DA:8,5
DA:12,3
DA:13,3
DA:17,3
DA:18,3
DA:22,3
DA:23,3
DA:29,5
DA:31,2
DA:32,2
DA:33,2
DA:35,1
DA:36,1
DA:37,1
DA:39,1
DA:40,1
DA:41,1
DA:43,1
DA:44,1
DA:45,1
DA:47,5
DA:48,5
DA:49,1
DA:51,4
LF:26
LH:26
BRDA:29,0,0,2
BRDA:29,0,1,1
BRDA:29,0,2,1
BRDA:29,0,3,1
BRDA:48,1,0,1
BRDA:48,1,1,4
BRF:6
BRH:6
end_of_record
