TN:
SF:C:\Users\porte\Desktop\Epicodus\EC-W5-independent-project\src\js\supergalactic.js
FN:2,(anonymous_0)
FN:6,(anonymous_1)
FN:12,(anonymous_2)
FN:18,(anonymous_3)
FN:24,(anonymous_4)
FN:30,(anonymous_5)
FNF:6
FNH:6
FNDA:20,(anonymous_0)
FNDA:5,(anonymous_1)
FNDA:3,(anonymous_2)
FNDA:3,(anonymous_3)
FNDA:3,(anonymous_4)
FNDA:5,(anonymous_5)
DA:3,20
DA:7,5
DA:8,5
DA:9,5
DA:13,3
DA:14,3
DA:15,3
DA:19,3
DA:20,3
DA:21,3
DA:25,3
DA:26,3
DA:27,3
DA:33,5
DA:35,2
DA:36,2
DA:37,2
DA:39,1
DA:40,1
DA:41,1
DA:43,1
DA:44,1
DA:45,1
DA:47,1
DA:48,1
DA:49,1
DA:51,5
DA:52,5
DA:53,1
DA:54,1
DA:56,4
LF:31
LH:31
BRDA:33,0,0,2
BRDA:33,0,1,1
BRDA:33,0,2,1
BRDA:33,0,3,1
BRDA:52,1,0,1
BRDA:52,1,1,4
BRF:6
BRH:6
end_of_record
